[0.191s] DEBUG:colcon:Command line arguments: ['/usr/bin/colcon', 'build']
[0.191s] DEBUG:colcon:Parsed command line arguments: Namespace(log_base=None, log_level=None, verb_name='build', build_base='build', install_base='install', merge_install=False, symlink_install=False, test_result_base=None, continue_on_error=False, executor='parallel', parallel_workers=16, event_handlers=None, ignore_user_meta=False, metas=['./colcon.meta'], base_paths=['.'], packages_ignore=None, packages_ignore_regex=None, paths=None, packages_up_to=None, packages_up_to_regex=None, packages_above=None, packages_above_and_dependencies=None, packages_above_depth=None, packages_select_by_dep=None, packages_skip_by_dep=None, packages_skip_up_to=None, packages_select_build_failed=False, packages_skip_build_finished=False, packages_select_test_failures=False, packages_skip_test_passed=False, packages_select=None, packages_skip=None, packages_select_regex=None, packages_skip_regex=None, packages_start=None, packages_end=None, allow_overriding=[], cmake_args=None, cmake_target=None, cmake_target_skip_unavailable=False, cmake_clean_cache=False, cmake_clean_first=False, cmake_force_configure=False, ament_cmake_args=None, catkin_cmake_args=None, catkin_skip_building_tests=False, verb_parser=<colcon_defaults.argument_parser.defaults.DefaultArgumentsDecorator object at 0x7f989c9dd5d0>, verb_extension=<colcon_core.verb.build.BuildVerb object at 0x7f989d308d90>, main=<bound method BuildVerb.main of <colcon_core.verb.build.BuildVerb object at 0x7f989d308d90>>)
[0.212s] Level 1:colcon.colcon_core.package_discovery:discover_packages(colcon_meta) check parameters
[0.213s] Level 1:colcon.colcon_core.package_discovery:discover_packages(recursive) check parameters
[0.213s] Level 1:colcon.colcon_core.package_discovery:discover_packages(ignore) check parameters
[0.213s] Level 1:colcon.colcon_core.package_discovery:discover_packages(path) check parameters
[0.213s] Level 1:colcon.colcon_core.package_discovery:discover_packages(colcon_meta) discover
[0.213s] Level 1:colcon.colcon_core.package_discovery:discover_packages(recursive) discover
[0.213s] INFO:colcon.colcon_core.package_discovery:Crawling recursively for packages in '/home/chotu/ros2_turtlebot3walker'
[0.213s] Level 1:colcon.colcon_core.package_identification:_identify(.) by extensions ['ignore', 'ignore_ament_install']
[0.213s] Level 1:colcon.colcon_core.package_identification:_identify(.) by extension 'ignore'
[0.213s] Level 1:colcon.colcon_core.package_identification:_identify(.) by extension 'ignore_ament_install'
[0.213s] Level 1:colcon.colcon_core.package_identification:_identify(.) by extensions ['colcon_pkg']
[0.213s] Level 1:colcon.colcon_core.package_identification:_identify(.) by extension 'colcon_pkg'
[0.213s] Level 1:colcon.colcon_core.package_identification:_identify(.) by extensions ['colcon_meta']
[0.213s] Level 1:colcon.colcon_core.package_identification:_identify(.) by extension 'colcon_meta'
[0.213s] Level 1:colcon.colcon_core.package_identification:_identify(.) by extensions ['ros']
[0.213s] Level 1:colcon.colcon_core.package_identification:_identify(.) by extension 'ros'
[0.221s] DEBUG:colcon.colcon_core.package_identification:Package '.' with type 'ros.ament_cmake' and name 'turtlebot3_walker'
[0.221s] Level 1:colcon.colcon_core.package_discovery:discover_packages(recursive) using defaults
[0.221s] Level 1:colcon.colcon_core.package_discovery:discover_packages(ignore) discover
[0.221s] Level 1:colcon.colcon_core.package_discovery:discover_packages(ignore) using defaults
[0.221s] Level 1:colcon.colcon_core.package_discovery:discover_packages(path) discover
[0.221s] Level 1:colcon.colcon_core.package_discovery:discover_packages(path) using defaults
[0.236s] Level 1:colcon.colcon_core.package_discovery:discover_packages(prefix_path) check parameters
[0.237s] Level 1:colcon.colcon_core.package_discovery:discover_packages(prefix_path) discover
[0.239s] DEBUG:colcon.colcon_installed_package_information.package_discovery:Found 412 installed packages in /opt/ros/humble
[0.240s] Level 1:colcon.colcon_core.package_discovery:discover_packages(prefix_path) using defaults
[0.288s] Level 5:colcon.colcon_core.verb:set package 'turtlebot3_walker' build argument 'cmake_args' from command line to 'None'
[0.288s] Level 5:colcon.colcon_core.verb:set package 'turtlebot3_walker' build argument 'cmake_target' from command line to 'None'
[0.288s] Level 5:colcon.colcon_core.verb:set package 'turtlebot3_walker' build argument 'cmake_target_skip_unavailable' from command line to 'False'
[0.288s] Level 5:colcon.colcon_core.verb:set package 'turtlebot3_walker' build argument 'cmake_clean_cache' from command line to 'False'
[0.288s] Level 5:colcon.colcon_core.verb:set package 'turtlebot3_walker' build argument 'cmake_clean_first' from command line to 'False'
[0.288s] Level 5:colcon.colcon_core.verb:set package 'turtlebot3_walker' build argument 'cmake_force_configure' from command line to 'False'
[0.288s] Level 5:colcon.colcon_core.verb:set package 'turtlebot3_walker' build argument 'ament_cmake_args' from command line to 'None'
[0.288s] Level 5:colcon.colcon_core.verb:set package 'turtlebot3_walker' build argument 'catkin_cmake_args' from command line to 'None'
[0.288s] Level 5:colcon.colcon_core.verb:set package 'turtlebot3_walker' build argument 'catkin_skip_building_tests' from command line to 'False'
[0.288s] DEBUG:colcon.colcon_core.verb:Building package 'turtlebot3_walker' with the following arguments: {'ament_cmake_args': None, 'build_base': '/home/chotu/ros2_turtlebot3walker/build/turtlebot3_walker', 'catkin_cmake_args': None, 'catkin_skip_building_tests': False, 'cmake_args': None, 'cmake_clean_cache': False, 'cmake_clean_first': False, 'cmake_force_configure': False, 'cmake_target': None, 'cmake_target_skip_unavailable': False, 'install_base': '/home/chotu/ros2_turtlebot3walker/install/turtlebot3_walker', 'merge_install': False, 'path': '/home/chotu/ros2_turtlebot3walker', 'symlink_install': False, 'test_result_base': None}
[0.289s] INFO:colcon.colcon_core.executor:Executing jobs using 'parallel' executor
[0.291s] DEBUG:colcon.colcon_parallel_executor.executor.parallel:run_until_complete
[0.292s] INFO:colcon.colcon_ros.task.ament_cmake.build:Building ROS package in '/home/chotu/ros2_turtlebot3walker' with build type 'ament_cmake'
[0.292s] INFO:colcon.colcon_cmake.task.cmake.build:Building CMake package in '/home/chotu/ros2_turtlebot3walker'
[0.294s] INFO:colcon.colcon_core.plugin_system:Skipping extension 'colcon_core.shell.bat': Not used on non-Windows systems
[0.295s] INFO:colcon.colcon_core.shell:Skip shell extension 'powershell' for command environment: Not usable outside of PowerShell
[0.295s] DEBUG:colcon.colcon_core.shell:Skip shell extension 'dsv' for command environment
[0.301s] DEBUG:colcon.colcon_core.event_handler.log_command:Invoking command in '/home/chotu/ros2_turtlebot3walker/build/turtlebot3_walker': CMAKE_PREFIX_PATH=/opt/ros/humble /usr/bin/cmake /home/chotu/ros2_turtlebot3walker -DCMAKE_INSTALL_PREFIX=/home/chotu/ros2_turtlebot3walker/install/turtlebot3_walker
[1.250s] DEBUG:colcon.colcon_core.event_handler.log_command:Invoked command in '/home/chotu/ros2_turtlebot3walker/build/turtlebot3_walker' returned '0': CMAKE_PREFIX_PATH=/opt/ros/humble /usr/bin/cmake /home/chotu/ros2_turtlebot3walker -DCMAKE_INSTALL_PREFIX=/home/chotu/ros2_turtlebot3walker/install/turtlebot3_walker
[1.252s] DEBUG:colcon.colcon_core.event_handler.log_command:Invoking command in '/home/chotu/ros2_turtlebot3walker/build/turtlebot3_walker': CMAKE_PREFIX_PATH=/opt/ros/humble /usr/bin/cmake --build /home/chotu/ros2_turtlebot3walker/build/turtlebot3_walker -- -j16 -l16
[7.130s] DEBUG:colcon.colcon_core.event_handler.log_command:Invoked command in '/home/chotu/ros2_turtlebot3walker/build/turtlebot3_walker' returned '0': CMAKE_PREFIX_PATH=/opt/ros/humble /usr/bin/cmake --build /home/chotu/ros2_turtlebot3walker/build/turtlebot3_walker -- -j16 -l16
[7.148s] DEBUG:colcon.colcon_core.event_handler.log_command:Invoking command in '/home/chotu/ros2_turtlebot3walker/build/turtlebot3_walker': CMAKE_PREFIX_PATH=/opt/ros/humble /usr/bin/cmake --install /home/chotu/ros2_turtlebot3walker/build/turtlebot3_walker
[7.157s] Level 1:colcon.colcon_core.environment:create_environment_scripts_only(turtlebot3_walker)
[7.157s] DEBUG:colcon.colcon_core.event_handler.log_command:Invoked command in '/home/chotu/ros2_turtlebot3walker/build/turtlebot3_walker' returned '0': CMAKE_PREFIX_PATH=/opt/ros/humble /usr/bin/cmake --install /home/chotu/ros2_turtlebot3walker/build/turtlebot3_walker
[7.160s] Level 1:colcon.colcon_core.environment:checking '/home/chotu/ros2_turtlebot3walker/install/turtlebot3_walker' for CMake module files
[7.161s] Level 1:colcon.colcon_core.environment:checking '/home/chotu/ros2_turtlebot3walker/install/turtlebot3_walker' for CMake config files
[7.161s] Level 1:colcon.colcon_core.shell:create_environment_hook('turtlebot3_walker', 'cmake_prefix_path')
[7.162s] INFO:colcon.colcon_core.shell:Creating environment hook '/home/chotu/ros2_turtlebot3walker/install/turtlebot3_walker/share/turtlebot3_walker/hook/cmake_prefix_path.ps1'
[7.162s] INFO:colcon.colcon_core.shell:Creating environment descriptor '/home/chotu/ros2_turtlebot3walker/install/turtlebot3_walker/share/turtlebot3_walker/hook/cmake_prefix_path.dsv'
[7.162s] INFO:colcon.colcon_core.shell:Creating environment hook '/home/chotu/ros2_turtlebot3walker/install/turtlebot3_walker/share/turtlebot3_walker/hook/cmake_prefix_path.sh'
[7.163s] Level 1:colcon.colcon_core.environment:checking '/home/chotu/ros2_turtlebot3walker/install/turtlebot3_walker/lib'
[7.163s] Level 1:colcon.colcon_core.environment:checking '/home/chotu/ros2_turtlebot3walker/install/turtlebot3_walker/bin'
[7.163s] Level 1:colcon.colcon_core.environment:checking '/home/chotu/ros2_turtlebot3walker/install/turtlebot3_walker/lib/pkgconfig/turtlebot3_walker.pc'
[7.163s] Level 1:colcon.colcon_core.environment:checking '/home/chotu/ros2_turtlebot3walker/install/turtlebot3_walker/lib/python3.10/site-packages'
[7.163s] Level 1:colcon.colcon_core.environment:checking '/home/chotu/ros2_turtlebot3walker/install/turtlebot3_walker/bin'
[7.164s] INFO:colcon.colcon_core.shell:Creating package script '/home/chotu/ros2_turtlebot3walker/install/turtlebot3_walker/share/turtlebot3_walker/package.ps1'
[7.165s] INFO:colcon.colcon_core.shell:Creating package descriptor '/home/chotu/ros2_turtlebot3walker/install/turtlebot3_walker/share/turtlebot3_walker/package.dsv'
[7.165s] INFO:colcon.colcon_core.shell:Creating package script '/home/chotu/ros2_turtlebot3walker/install/turtlebot3_walker/share/turtlebot3_walker/package.sh'
[7.166s] INFO:colcon.colcon_core.shell:Creating package script '/home/chotu/ros2_turtlebot3walker/install/turtlebot3_walker/share/turtlebot3_walker/package.bash'
[7.166s] INFO:colcon.colcon_core.shell:Creating package script '/home/chotu/ros2_turtlebot3walker/install/turtlebot3_walker/share/turtlebot3_walker/package.zsh'
[7.166s] Level 1:colcon.colcon_core.environment:create_file_with_runtime_dependencies(/home/chotu/ros2_turtlebot3walker/install/turtlebot3_walker/share/colcon-core/packages/turtlebot3_walker)
[7.180s] Level 1:colcon.colcon_core.environment:create_environment_scripts_only(turtlebot3_walker)
[7.181s] Level 1:colcon.colcon_core.environment:checking '/home/chotu/ros2_turtlebot3walker/install/turtlebot3_walker' for CMake module files
[7.182s] Level 1:colcon.colcon_core.environment:checking '/home/chotu/ros2_turtlebot3walker/install/turtlebot3_walker' for CMake config files
[7.182s] Level 1:colcon.colcon_core.shell:create_environment_hook('turtlebot3_walker', 'cmake_prefix_path')
[7.183s] INFO:colcon.colcon_core.shell:Creating environment hook '/home/chotu/ros2_turtlebot3walker/install/turtlebot3_walker/share/turtlebot3_walker/hook/cmake_prefix_path.ps1'
[7.183s] INFO:colcon.colcon_core.shell:Creating environment descriptor '/home/chotu/ros2_turtlebot3walker/install/turtlebot3_walker/share/turtlebot3_walker/hook/cmake_prefix_path.dsv'
[7.183s] INFO:colcon.colcon_core.shell:Creating environment hook '/home/chotu/ros2_turtlebot3walker/install/turtlebot3_walker/share/turtlebot3_walker/hook/cmake_prefix_path.sh'
[7.184s] Level 1:colcon.colcon_core.environment:checking '/home/chotu/ros2_turtlebot3walker/install/turtlebot3_walker/lib'
[7.184s] Level 1:colcon.colcon_core.environment:checking '/home/chotu/ros2_turtlebot3walker/install/turtlebot3_walker/bin'
[7.184s] Level 1:colcon.colcon_core.environment:checking '/home/chotu/ros2_turtlebot3walker/install/turtlebot3_walker/lib/pkgconfig/turtlebot3_walker.pc'
[7.184s] Level 1:colcon.colcon_core.environment:checking '/home/chotu/ros2_turtlebot3walker/install/turtlebot3_walker/lib/python3.10/site-packages'
[7.184s] Level 1:colcon.colcon_core.environment:checking '/home/chotu/ros2_turtlebot3walker/install/turtlebot3_walker/bin'
[7.185s] INFO:colcon.colcon_core.shell:Creating package script '/home/chotu/ros2_turtlebot3walker/install/turtlebot3_walker/share/turtlebot3_walker/package.ps1'
[7.185s] INFO:colcon.colcon_core.shell:Creating package descriptor '/home/chotu/ros2_turtlebot3walker/install/turtlebot3_walker/share/turtlebot3_walker/package.dsv'
[7.186s] INFO:colcon.colcon_core.shell:Creating package script '/home/chotu/ros2_turtlebot3walker/install/turtlebot3_walker/share/turtlebot3_walker/package.sh'
[7.186s] INFO:colcon.colcon_core.shell:Creating package script '/home/chotu/ros2_turtlebot3walker/install/turtlebot3_walker/share/turtlebot3_walker/package.bash'
[7.186s] INFO:colcon.colcon_core.shell:Creating package script '/home/chotu/ros2_turtlebot3walker/install/turtlebot3_walker/share/turtlebot3_walker/package.zsh'
[7.186s] Level 1:colcon.colcon_core.environment:create_file_with_runtime_dependencies(/home/chotu/ros2_turtlebot3walker/install/turtlebot3_walker/share/colcon-core/packages/turtlebot3_walker)
[7.187s] DEBUG:colcon.colcon_parallel_executor.executor.parallel:closing loop
[7.187s] DEBUG:colcon.colcon_parallel_executor.executor.parallel:loop closed
[7.187s] DEBUG:colcon.colcon_parallel_executor.executor.parallel:run_until_complete finished with '0'
[7.187s] DEBUG:colcon.colcon_core.event_reactor:joining thread
[7.191s] INFO:colcon.colcon_core.plugin_system:Skipping extension 'colcon_notification.desktop_notification.terminal_notifier': Not used on non-Darwin systems
[7.191s] INFO:colcon.colcon_core.plugin_system:Skipping extension 'colcon_notification.desktop_notification.win32': Not used on non-Windows systems
[7.191s] INFO:colcon.colcon_notification.desktop_notification:Sending desktop notification using 'notify2'
[7.201s] DEBUG:colcon.colcon_core.event_reactor:joined thread
[7.202s] INFO:colcon.colcon_core.shell:Creating prefix script '/home/chotu/ros2_turtlebot3walker/install/local_setup.ps1'
[7.203s] INFO:colcon.colcon_core.shell:Creating prefix util module '/home/chotu/ros2_turtlebot3walker/install/_local_setup_util_ps1.py'
[7.204s] INFO:colcon.colcon_core.shell:Creating prefix chain script '/home/chotu/ros2_turtlebot3walker/install/setup.ps1'
[7.205s] INFO:colcon.colcon_core.shell:Creating prefix script '/home/chotu/ros2_turtlebot3walker/install/local_setup.sh'
[7.205s] INFO:colcon.colcon_core.shell:Creating prefix util module '/home/chotu/ros2_turtlebot3walker/install/_local_setup_util_sh.py'
[7.206s] INFO:colcon.colcon_core.shell:Creating prefix chain script '/home/chotu/ros2_turtlebot3walker/install/setup.sh'
[7.207s] INFO:colcon.colcon_core.shell:Creating prefix script '/home/chotu/ros2_turtlebot3walker/install/local_setup.bash'
[7.207s] INFO:colcon.colcon_core.shell:Creating prefix chain script '/home/chotu/ros2_turtlebot3walker/install/setup.bash'
[7.208s] INFO:colcon.colcon_core.shell:Creating prefix script '/home/chotu/ros2_turtlebot3walker/install/local_setup.zsh'
[7.208s] INFO:colcon.colcon_core.shell:Creating prefix chain script '/home/chotu/ros2_turtlebot3walker/install/setup.zsh'
