[0.235s] DEBUG:colcon:Command line arguments: ['/usr/bin/colcon', 'build', '--packages-select', 'turtlebot3_walker']
[0.235s] DEBUG:colcon:Parsed command line arguments: Namespace(log_base=None, log_level=None, verb_name='build', build_base='build', install_base='install', merge_install=False, symlink_install=False, test_result_base=None, continue_on_error=False, executor='parallel', parallel_workers=16, event_handlers=None, ignore_user_meta=False, metas=['./colcon.meta'], base_paths=['.'], packages_ignore=None, packages_ignore_regex=None, paths=None, packages_up_to=None, packages_up_to_regex=None, packages_above=None, packages_above_and_dependencies=None, packages_above_depth=None, packages_select_by_dep=None, packages_skip_by_dep=None, packages_skip_up_to=None, packages_select_build_failed=False, packages_skip_build_finished=False, packages_select_test_failures=False, packages_skip_test_passed=False, packages_select=['turtlebot3_walker'], packages_skip=None, packages_select_regex=None, packages_skip_regex=None, packages_start=None, packages_end=None, allow_overriding=[], cmake_args=None, cmake_target=None, cmake_target_skip_unavailable=False, cmake_clean_cache=False, cmake_clean_first=False, cmake_force_configure=False, ament_cmake_args=None, catkin_cmake_args=None, catkin_skip_building_tests=False, verb_parser=<colcon_defaults.argument_parser.defaults.DefaultArgumentsDecorator object at 0x7f70a2a35720>, verb_extension=<colcon_core.verb.build.BuildVerb object at 0x7f70a3366f50>, main=<bound method BuildVerb.main of <colcon_core.verb.build.BuildVerb object at 0x7f70a3366f50>>)
[0.264s] Level 1:colcon.colcon_core.package_discovery:discover_packages(colcon_meta) check parameters
[0.264s] Level 1:colcon.colcon_core.package_discovery:discover_packages(recursive) check parameters
[0.264s] Level 1:colcon.colcon_core.package_discovery:discover_packages(ignore) check parameters
[0.264s] Level 1:colcon.colcon_core.package_discovery:discover_packages(path) check parameters
[0.264s] Level 1:colcon.colcon_core.package_discovery:discover_packages(colcon_meta) discover
[0.264s] Level 1:colcon.colcon_core.package_discovery:discover_packages(recursive) discover
[0.264s] INFO:colcon.colcon_core.package_discovery:Crawling recursively for packages in '/home/chotu/turtlebot3_walker'
[0.264s] Level 1:colcon.colcon_core.package_identification:_identify(.) by extensions ['ignore', 'ignore_ament_install']
[0.265s] Level 1:colcon.colcon_core.package_identification:_identify(.) by extension 'ignore'
[0.265s] Level 1:colcon.colcon_core.package_identification:_identify(.) by extension 'ignore_ament_install'
[0.265s] Level 1:colcon.colcon_core.package_identification:_identify(.) by extensions ['colcon_pkg']
[0.265s] Level 1:colcon.colcon_core.package_identification:_identify(.) by extension 'colcon_pkg'
[0.265s] Level 1:colcon.colcon_core.package_identification:_identify(.) by extensions ['colcon_meta']
[0.265s] Level 1:colcon.colcon_core.package_identification:_identify(.) by extension 'colcon_meta'
[0.265s] Level 1:colcon.colcon_core.package_identification:_identify(.) by extensions ['ros']
[0.265s] Level 1:colcon.colcon_core.package_identification:_identify(.) by extension 'ros'
[0.273s] DEBUG:colcon.colcon_core.package_identification:Package '.' with type 'ros.ament_cmake' and name 'turtlebot3_walker'
[0.273s] Level 1:colcon.colcon_core.package_discovery:discover_packages(recursive) using defaults
[0.273s] Level 1:colcon.colcon_core.package_discovery:discover_packages(ignore) discover
[0.273s] Level 1:colcon.colcon_core.package_discovery:discover_packages(ignore) using defaults
[0.273s] Level 1:colcon.colcon_core.package_discovery:discover_packages(path) discover
[0.273s] Level 1:colcon.colcon_core.package_discovery:discover_packages(path) using defaults
[0.292s] Level 1:colcon.colcon_core.package_discovery:discover_packages(prefix_path) check parameters
[0.292s] Level 1:colcon.colcon_core.package_discovery:discover_packages(prefix_path) discover
[0.294s] DEBUG:colcon.colcon_installed_package_information.package_discovery:Found 3 installed packages in /home/chotu/Beginner_Tutorials_Ros2/install
[0.295s] DEBUG:colcon.colcon_installed_package_information.package_discovery:Found 412 installed packages in /opt/ros/humble
[0.297s] Level 1:colcon.colcon_core.package_discovery:discover_packages(prefix_path) using defaults
[0.345s] Level 5:colcon.colcon_core.verb:set package 'turtlebot3_walker' build argument 'cmake_args' from command line to 'None'
[0.345s] Level 5:colcon.colcon_core.verb:set package 'turtlebot3_walker' build argument 'cmake_target' from command line to 'None'
[0.345s] Level 5:colcon.colcon_core.verb:set package 'turtlebot3_walker' build argument 'cmake_target_skip_unavailable' from command line to 'False'
[0.345s] Level 5:colcon.colcon_core.verb:set package 'turtlebot3_walker' build argument 'cmake_clean_cache' from command line to 'False'
[0.345s] Level 5:colcon.colcon_core.verb:set package 'turtlebot3_walker' build argument 'cmake_clean_first' from command line to 'False'
[0.345s] Level 5:colcon.colcon_core.verb:set package 'turtlebot3_walker' build argument 'cmake_force_configure' from command line to 'False'
[0.345s] Level 5:colcon.colcon_core.verb:set package 'turtlebot3_walker' build argument 'ament_cmake_args' from command line to 'None'
[0.345s] Level 5:colcon.colcon_core.verb:set package 'turtlebot3_walker' build argument 'catkin_cmake_args' from command line to 'None'
[0.345s] Level 5:colcon.colcon_core.verb:set package 'turtlebot3_walker' build argument 'catkin_skip_building_tests' from command line to 'False'
[0.345s] DEBUG:colcon.colcon_core.verb:Building package 'turtlebot3_walker' with the following arguments: {'ament_cmake_args': None, 'build_base': '/home/chotu/turtlebot3_walker/build/turtlebot3_walker', 'catkin_cmake_args': None, 'catkin_skip_building_tests': False, 'cmake_args': None, 'cmake_clean_cache': False, 'cmake_clean_first': False, 'cmake_force_configure': False, 'cmake_target': None, 'cmake_target_skip_unavailable': False, 'install_base': '/home/chotu/turtlebot3_walker/install/turtlebot3_walker', 'merge_install': False, 'path': '/home/chotu/turtlebot3_walker', 'symlink_install': False, 'test_result_base': None}
[0.345s] INFO:colcon.colcon_core.executor:Executing jobs using 'parallel' executor
[0.348s] DEBUG:colcon.colcon_parallel_executor.executor.parallel:run_until_complete
[0.348s] INFO:colcon.colcon_ros.task.ament_cmake.build:Building ROS package in '/home/chotu/turtlebot3_walker' with build type 'ament_cmake'
[0.348s] INFO:colcon.colcon_cmake.task.cmake.build:Building CMake package in '/home/chotu/turtlebot3_walker'
[0.353s] INFO:colcon.colcon_core.plugin_system:Skipping extension 'colcon_core.shell.bat': Not used on non-Windows systems
[0.353s] INFO:colcon.colcon_core.shell:Skip shell extension 'powershell' for command environment: Not usable outside of PowerShell
[0.353s] DEBUG:colcon.colcon_core.shell:Skip shell extension 'dsv' for command environment
[0.358s] DEBUG:colcon.colcon_core.event_handler.log_command:Invoking command in '/home/chotu/turtlebot3_walker/build/turtlebot3_walker': CMAKE_PREFIX_PATH=${CMAKE_PREFIX_PATH}:/opt/ros/humble /usr/bin/cmake /home/chotu/turtlebot3_walker -DCMAKE_INSTALL_PREFIX=/home/chotu/turtlebot3_walker/install/turtlebot3_walker
[1.426s] DEBUG:colcon.colcon_core.event_handler.log_command:Invoked command in '/home/chotu/turtlebot3_walker/build/turtlebot3_walker' returned '0': CMAKE_PREFIX_PATH=${CMAKE_PREFIX_PATH}:/opt/ros/humble /usr/bin/cmake /home/chotu/turtlebot3_walker -DCMAKE_INSTALL_PREFIX=/home/chotu/turtlebot3_walker/install/turtlebot3_walker
[1.427s] DEBUG:colcon.colcon_core.event_handler.log_command:Invoking command in '/home/chotu/turtlebot3_walker/build/turtlebot3_walker': CMAKE_PREFIX_PATH=${CMAKE_PREFIX_PATH}:/opt/ros/humble /usr/bin/cmake --build /home/chotu/turtlebot3_walker/build/turtlebot3_walker -- -j16 -l16
[7.151s] DEBUG:colcon.colcon_core.event_handler.log_command:Invoked command in '/home/chotu/turtlebot3_walker/build/turtlebot3_walker' returned '0': CMAKE_PREFIX_PATH=${CMAKE_PREFIX_PATH}:/opt/ros/humble /usr/bin/cmake --build /home/chotu/turtlebot3_walker/build/turtlebot3_walker -- -j16 -l16
[7.169s] DEBUG:colcon.colcon_core.event_handler.log_command:Invoking command in '/home/chotu/turtlebot3_walker/build/turtlebot3_walker': CMAKE_PREFIX_PATH=${CMAKE_PREFIX_PATH}:/opt/ros/humble /usr/bin/cmake --install /home/chotu/turtlebot3_walker/build/turtlebot3_walker
[7.176s] Level 1:colcon.colcon_core.environment:create_environment_scripts_only(turtlebot3_walker)
[7.177s] DEBUG:colcon.colcon_core.event_handler.log_command:Invoked command in '/home/chotu/turtlebot3_walker/build/turtlebot3_walker' returned '0': CMAKE_PREFIX_PATH=${CMAKE_PREFIX_PATH}:/opt/ros/humble /usr/bin/cmake --install /home/chotu/turtlebot3_walker/build/turtlebot3_walker
[7.182s] Level 1:colcon.colcon_core.environment:checking '/home/chotu/turtlebot3_walker/install/turtlebot3_walker' for CMake module files
[7.183s] Level 1:colcon.colcon_core.environment:checking '/home/chotu/turtlebot3_walker/install/turtlebot3_walker' for CMake config files
[7.183s] Level 1:colcon.colcon_core.shell:create_environment_hook('turtlebot3_walker', 'cmake_prefix_path')
[7.183s] INFO:colcon.colcon_core.shell:Creating environment hook '/home/chotu/turtlebot3_walker/install/turtlebot3_walker/share/turtlebot3_walker/hook/cmake_prefix_path.ps1'
[7.184s] INFO:colcon.colcon_core.shell:Creating environment descriptor '/home/chotu/turtlebot3_walker/install/turtlebot3_walker/share/turtlebot3_walker/hook/cmake_prefix_path.dsv'
[7.184s] INFO:colcon.colcon_core.shell:Creating environment hook '/home/chotu/turtlebot3_walker/install/turtlebot3_walker/share/turtlebot3_walker/hook/cmake_prefix_path.sh'
[7.185s] Level 1:colcon.colcon_core.environment:checking '/home/chotu/turtlebot3_walker/install/turtlebot3_walker/lib'
[7.185s] Level 1:colcon.colcon_core.environment:checking '/home/chotu/turtlebot3_walker/install/turtlebot3_walker/bin'
[7.185s] Level 1:colcon.colcon_core.environment:checking '/home/chotu/turtlebot3_walker/install/turtlebot3_walker/lib/pkgconfig/turtlebot3_walker.pc'
[7.185s] Level 1:colcon.colcon_core.environment:checking '/home/chotu/turtlebot3_walker/install/turtlebot3_walker/lib/python3.10/site-packages'
[7.185s] Level 1:colcon.colcon_core.environment:checking '/home/chotu/turtlebot3_walker/install/turtlebot3_walker/bin'
[7.186s] INFO:colcon.colcon_core.shell:Creating package script '/home/chotu/turtlebot3_walker/install/turtlebot3_walker/share/turtlebot3_walker/package.ps1'
[7.187s] INFO:colcon.colcon_core.shell:Creating package descriptor '/home/chotu/turtlebot3_walker/install/turtlebot3_walker/share/turtlebot3_walker/package.dsv'
[7.187s] INFO:colcon.colcon_core.shell:Creating package script '/home/chotu/turtlebot3_walker/install/turtlebot3_walker/share/turtlebot3_walker/package.sh'
[7.187s] INFO:colcon.colcon_core.shell:Creating package script '/home/chotu/turtlebot3_walker/install/turtlebot3_walker/share/turtlebot3_walker/package.bash'
[7.188s] INFO:colcon.colcon_core.shell:Creating package script '/home/chotu/turtlebot3_walker/install/turtlebot3_walker/share/turtlebot3_walker/package.zsh'
[7.189s] Level 1:colcon.colcon_core.environment:create_file_with_runtime_dependencies(/home/chotu/turtlebot3_walker/install/turtlebot3_walker/share/colcon-core/packages/turtlebot3_walker)
[7.203s] Level 1:colcon.colcon_core.environment:create_environment_scripts_only(turtlebot3_walker)
[7.205s] Level 1:colcon.colcon_core.environment:checking '/home/chotu/turtlebot3_walker/install/turtlebot3_walker' for CMake module files
[7.205s] Level 1:colcon.colcon_core.environment:checking '/home/chotu/turtlebot3_walker/install/turtlebot3_walker' for CMake config files
[7.205s] Level 1:colcon.colcon_core.shell:create_environment_hook('turtlebot3_walker', 'cmake_prefix_path')
[7.206s] INFO:colcon.colcon_core.shell:Creating environment hook '/home/chotu/turtlebot3_walker/install/turtlebot3_walker/share/turtlebot3_walker/hook/cmake_prefix_path.ps1'
[7.206s] INFO:colcon.colcon_core.shell:Creating environment descriptor '/home/chotu/turtlebot3_walker/install/turtlebot3_walker/share/turtlebot3_walker/hook/cmake_prefix_path.dsv'
[7.207s] INFO:colcon.colcon_core.shell:Creating environment hook '/home/chotu/turtlebot3_walker/install/turtlebot3_walker/share/turtlebot3_walker/hook/cmake_prefix_path.sh'
[7.207s] Level 1:colcon.colcon_core.environment:checking '/home/chotu/turtlebot3_walker/install/turtlebot3_walker/lib'
[7.207s] Level 1:colcon.colcon_core.environment:checking '/home/chotu/turtlebot3_walker/install/turtlebot3_walker/bin'
[7.207s] Level 1:colcon.colcon_core.environment:checking '/home/chotu/turtlebot3_walker/install/turtlebot3_walker/lib/pkgconfig/turtlebot3_walker.pc'
[7.207s] Level 1:colcon.colcon_core.environment:checking '/home/chotu/turtlebot3_walker/install/turtlebot3_walker/lib/python3.10/site-packages'
[7.207s] Level 1:colcon.colcon_core.environment:checking '/home/chotu/turtlebot3_walker/install/turtlebot3_walker/bin'
[7.208s] INFO:colcon.colcon_core.shell:Creating package script '/home/chotu/turtlebot3_walker/install/turtlebot3_walker/share/turtlebot3_walker/package.ps1'
[7.209s] INFO:colcon.colcon_core.shell:Creating package descriptor '/home/chotu/turtlebot3_walker/install/turtlebot3_walker/share/turtlebot3_walker/package.dsv'
[7.209s] INFO:colcon.colcon_core.shell:Creating package script '/home/chotu/turtlebot3_walker/install/turtlebot3_walker/share/turtlebot3_walker/package.sh'
[7.209s] INFO:colcon.colcon_core.shell:Creating package script '/home/chotu/turtlebot3_walker/install/turtlebot3_walker/share/turtlebot3_walker/package.bash'
[7.209s] INFO:colcon.colcon_core.shell:Creating package script '/home/chotu/turtlebot3_walker/install/turtlebot3_walker/share/turtlebot3_walker/package.zsh'
[7.210s] Level 1:colcon.colcon_core.environment:create_file_with_runtime_dependencies(/home/chotu/turtlebot3_walker/install/turtlebot3_walker/share/colcon-core/packages/turtlebot3_walker)
[7.210s] DEBUG:colcon.colcon_parallel_executor.executor.parallel:closing loop
[7.210s] DEBUG:colcon.colcon_parallel_executor.executor.parallel:loop closed
[7.210s] DEBUG:colcon.colcon_parallel_executor.executor.parallel:run_until_complete finished with '0'
[7.210s] DEBUG:colcon.colcon_core.event_reactor:joining thread
[7.215s] INFO:colcon.colcon_core.plugin_system:Skipping extension 'colcon_notification.desktop_notification.terminal_notifier': Not used on non-Darwin systems
[7.215s] INFO:colcon.colcon_core.plugin_system:Skipping extension 'colcon_notification.desktop_notification.win32': Not used on non-Windows systems
[7.215s] INFO:colcon.colcon_notification.desktop_notification:Sending desktop notification using 'notify2'
[7.227s] DEBUG:colcon.colcon_core.event_reactor:joined thread
[7.228s] INFO:colcon.colcon_core.shell:Creating prefix script '/home/chotu/turtlebot3_walker/install/local_setup.ps1'
[7.229s] INFO:colcon.colcon_core.shell:Creating prefix util module '/home/chotu/turtlebot3_walker/install/_local_setup_util_ps1.py'
[7.231s] INFO:colcon.colcon_core.shell:Creating prefix chain script '/home/chotu/turtlebot3_walker/install/setup.ps1'
[7.232s] INFO:colcon.colcon_core.shell:Creating prefix script '/home/chotu/turtlebot3_walker/install/local_setup.sh'
[7.233s] INFO:colcon.colcon_core.shell:Creating prefix util module '/home/chotu/turtlebot3_walker/install/_local_setup_util_sh.py'
[7.233s] INFO:colcon.colcon_core.shell:Creating prefix chain script '/home/chotu/turtlebot3_walker/install/setup.sh'
[7.234s] INFO:colcon.colcon_core.shell:Creating prefix script '/home/chotu/turtlebot3_walker/install/local_setup.bash'
[7.234s] INFO:colcon.colcon_core.shell:Creating prefix chain script '/home/chotu/turtlebot3_walker/install/setup.bash'
[7.235s] INFO:colcon.colcon_core.shell:Creating prefix script '/home/chotu/turtlebot3_walker/install/local_setup.zsh'
[7.235s] INFO:colcon.colcon_core.shell:Creating prefix chain script '/home/chotu/turtlebot3_walker/install/setup.zsh'
