[0.009s] Invoking command in '/home/chotu/ros2_turtlebot3walker/build/turtlebot3_walker': CMAKE_PREFIX_PATH=/opt/ros/humble /usr/bin/cmake /home/chotu/ros2_turtlebot3walker -DCMAKE_INSTALL_PREFIX=/home/chotu/ros2_turtlebot3walker/install/turtlebot3_walker
[0.046s] -- The C compiler identification is GNU 11.3.0
[0.082s] -- The CXX compiler identification is GNU 11.3.0
[0.086s] -- Detecting C compiler ABI info
[0.131s] -- Detecting C compiler ABI info - done
[0.136s] -- Check for working C compiler: /usr/bin/cc - skipped
[0.136s] -- Detecting C compile features
[0.136s] -- Detecting C compile features - done
[0.138s] -- Detecting CXX compiler ABI info
[0.192s] -- Detecting CXX compiler ABI info - done
[0.197s] -- Check for working CXX compiler: /usr/bin/c++ - skipped
[0.198s] -- Detecting CXX compile features
[0.198s] -- Detecting CXX compile features - done
[0.200s] -- Found ament_cmake: 1.3.3 (/opt/ros/humble/share/ament_cmake/cmake)
[0.331s] -- Found Python3: /usr/bin/python3.10 (found version "3.10.6") found components: Interpreter 
[0.402s] -- Found rclcpp: 16.0.2 (/opt/ros/humble/share/rclcpp/cmake)
[0.436s] -- Found rosidl_generator_c: 3.1.4 (/opt/ros/humble/share/rosidl_generator_c/cmake)
[0.439s] -- Found rosidl_adapter: 3.1.4 (/opt/ros/humble/share/rosidl_adapter/cmake)
[0.446s] -- Found rosidl_generator_cpp: 3.1.4 (/opt/ros/humble/share/rosidl_generator_cpp/cmake)
[0.462s] -- Using all available rosidl_typesupport_c: rosidl_typesupport_fastrtps_c;rosidl_typesupport_introspection_c
[0.477s] -- Using all available rosidl_typesupport_cpp: rosidl_typesupport_fastrtps_cpp;rosidl_typesupport_introspection_cpp
[0.542s] -- Found rmw_implementation_cmake: 6.1.1 (/opt/ros/humble/share/rmw_implementation_cmake/cmake)
[0.544s] -- Found rmw_fastrtps_cpp: 6.2.2 (/opt/ros/humble/share/rmw_fastrtps_cpp/cmake)
[0.611s] -- Found OpenSSL: /usr/lib/x86_64-linux-gnu/libcrypto.so (found version "3.0.2")  
[0.639s] -- Found FastRTPS: /opt/ros/humble/include  
[0.678s] -- Using RMW implementation 'rmw_fastrtps_cpp' as default
[0.686s] -- Looking for pthread.h
[0.749s] -- Looking for pthread.h - found
[0.749s] -- Performing Test CMAKE_HAVE_LIBC_PTHREAD
[0.802s] -- Performing Test CMAKE_HAVE_LIBC_PTHREAD - Success
[0.803s] -- Found Threads: TRUE  
[0.922s] -- Found geometry_msgs: 4.2.2 (/opt/ros/humble/share/geometry_msgs/cmake)
[0.957s] -- Found sensor_msgs: 4.2.2 (/opt/ros/humble/share/sensor_msgs/cmake)
[1.022s] -- Found ament_lint_auto: 0.12.4 (/opt/ros/humble/share/ament_lint_auto/cmake)
[1.088s] -- Added test 'cppcheck' to perform static code analysis on C / C++ code
[1.088s] -- Configured cppcheck include dirs: 
[1.088s] -- Configured cppcheck exclude dirs and/or files: 
[1.089s] -- Added test 'flake8' to check Python code syntax and style conventions
[1.090s] -- Added test 'lint_cmake' to check CMake code style
[1.091s] -- Added test 'pep257' to check Python code against some of the docstring style conventions in PEP 257
[1.095s] -- Added test 'uncrustify' to check C / C++ code style
[1.095s] -- Configured uncrustify additional arguments: 
[1.096s] -- Added test 'xmllint' to check XML markup files
[1.097s] -- Configuring done
[1.104s] -- Generating done
[1.105s] -- Build files have been written to: /home/chotu/ros2_turtlebot3walker/build/turtlebot3_walker
[1.112s] Invoked command in '/home/chotu/ros2_turtlebot3walker/build/turtlebot3_walker' returned '0': CMAKE_PREFIX_PATH=/opt/ros/humble /usr/bin/cmake /home/chotu/ros2_turtlebot3walker -DCMAKE_INSTALL_PREFIX=/home/chotu/ros2_turtlebot3walker/install/turtlebot3_walker
[1.114s] Invoking command in '/home/chotu/ros2_turtlebot3walker/build/turtlebot3_walker': CMAKE_PREFIX_PATH=/opt/ros/humble /usr/bin/cmake --build /home/chotu/ros2_turtlebot3walker/build/turtlebot3_walker -- -j16 -l16
[1.149s] [ 50%] [32mBuilding CXX object CMakeFiles/walker.dir/src/robot_walker.cpp.o[0m
[7.728s] [100%] [32m[1mLinking CXX executable walker[0m
[8.009s] [100%] Built target walker
[8.018s] Invoked command in '/home/chotu/ros2_turtlebot3walker/build/turtlebot3_walker' returned '0': CMAKE_PREFIX_PATH=/opt/ros/humble /usr/bin/cmake --build /home/chotu/ros2_turtlebot3walker/build/turtlebot3_walker -- -j16 -l16
[8.038s] Invoking command in '/home/chotu/ros2_turtlebot3walker/build/turtlebot3_walker': CMAKE_PREFIX_PATH=/opt/ros/humble /usr/bin/cmake --install /home/chotu/ros2_turtlebot3walker/build/turtlebot3_walker
[8.044s] -- Install configuration: ""
[8.044s] -- Installing: /home/chotu/ros2_turtlebot3walker/install/turtlebot3_walker/lib/turtlebot3_walker/walker
[8.046s] -- Set runtime path of "/home/chotu/ros2_turtlebot3walker/install/turtlebot3_walker/lib/turtlebot3_walker/walker" to ""
[8.047s] -- Installing: /home/chotu/ros2_turtlebot3walker/install/turtlebot3_walker/share/turtlebot3_walker//launch
[8.047s] -- Installing: /home/chotu/ros2_turtlebot3walker/install/turtlebot3_walker/share/turtlebot3_walker//launch/tb3_walker.launch.py
[8.047s] -- Installing: /home/chotu/ros2_turtlebot3walker/install/turtlebot3_walker/share/ament_index/resource_index/package_run_dependencies/turtlebot3_walker
[8.047s] -- Installing: /home/chotu/ros2_turtlebot3walker/install/turtlebot3_walker/share/ament_index/resource_index/parent_prefix_path/turtlebot3_walker
[8.047s] -- Installing: /home/chotu/ros2_turtlebot3walker/install/turtlebot3_walker/share/turtlebot3_walker/environment/ament_prefix_path.sh
[8.047s] -- Installing: /home/chotu/ros2_turtlebot3walker/install/turtlebot3_walker/share/turtlebot3_walker/environment/ament_prefix_path.dsv
[8.047s] -- Installing: /home/chotu/ros2_turtlebot3walker/install/turtlebot3_walker/share/turtlebot3_walker/environment/path.sh
[8.047s] -- Installing: /home/chotu/ros2_turtlebot3walker/install/turtlebot3_walker/share/turtlebot3_walker/environment/path.dsv
[8.047s] -- Installing: /home/chotu/ros2_turtlebot3walker/install/turtlebot3_walker/share/turtlebot3_walker/local_setup.bash
[8.047s] -- Installing: /home/chotu/ros2_turtlebot3walker/install/turtlebot3_walker/share/turtlebot3_walker/local_setup.sh
[8.047s] -- Installing: /home/chotu/ros2_turtlebot3walker/install/turtlebot3_walker/share/turtlebot3_walker/local_setup.zsh
[8.047s] -- Installing: /home/chotu/ros2_turtlebot3walker/install/turtlebot3_walker/share/turtlebot3_walker/local_setup.dsv
[8.047s] -- Installing: /home/chotu/ros2_turtlebot3walker/install/turtlebot3_walker/share/turtlebot3_walker/package.dsv
[8.047s] -- Installing: /home/chotu/ros2_turtlebot3walker/install/turtlebot3_walker/share/ament_index/resource_index/packages/turtlebot3_walker
[8.047s] -- Installing: /home/chotu/ros2_turtlebot3walker/install/turtlebot3_walker/share/turtlebot3_walker/cmake/turtlebot3_walkerConfig.cmake
[8.048s] -- Installing: /home/chotu/ros2_turtlebot3walker/install/turtlebot3_walker/share/turtlebot3_walker/cmake/turtlebot3_walkerConfig-version.cmake
[8.048s] -- Installing: /home/chotu/ros2_turtlebot3walker/install/turtlebot3_walker/share/turtlebot3_walker/package.xml
[8.049s] Invoked command in '/home/chotu/ros2_turtlebot3walker/build/turtlebot3_walker' returned '0': CMAKE_PREFIX_PATH=/opt/ros/humble /usr/bin/cmake --install /home/chotu/ros2_turtlebot3walker/build/turtlebot3_walker
