[0.204s] DEBUG:colcon:Command line arguments: ['/usr/bin/colcon', 'build']
[0.204s] DEBUG:colcon:Parsed command line arguments: Namespace(log_base=None, log_level=None, verb_name='build', build_base='build', install_base='install', merge_install=False, symlink_install=False, test_result_base=None, continue_on_error=False, executor='parallel', parallel_workers=16, event_handlers=None, ignore_user_meta=False, metas=['./colcon.meta'], base_paths=['.'], packages_ignore=None, packages_ignore_regex=None, paths=None, packages_up_to=None, packages_up_to_regex=None, packages_above=None, packages_above_and_dependencies=None, packages_above_depth=None, packages_select_by_dep=None, packages_skip_by_dep=None, packages_skip_up_to=None, packages_select_build_failed=False, packages_skip_build_finished=False, packages_select_test_failures=False, packages_skip_test_passed=False, packages_select=None, packages_skip=None, packages_select_regex=None, packages_skip_regex=None, packages_start=None, packages_end=None, allow_overriding=[], cmake_args=None, cmake_target=None, cmake_target_skip_unavailable=False, cmake_clean_cache=False, cmake_clean_first=False, cmake_force_configure=False, ament_cmake_args=None, catkin_cmake_args=None, catkin_skip_building_tests=False, verb_parser=<colcon_defaults.argument_parser.defaults.DefaultArgumentsDecorator object at 0x7fe061871d80>, verb_extension=<colcon_core.verb.build.BuildVerb object at 0x7fe0621a7be0>, main=<bound method BuildVerb.main of <colcon_core.verb.build.BuildVerb object at 0x7fe0621a7be0>>)
[0.228s] Level 1:colcon.colcon_core.package_discovery:discover_packages(colcon_meta) check parameters
[0.228s] Level 1:colcon.colcon_core.package_discovery:discover_packages(recursive) check parameters
[0.228s] Level 1:colcon.colcon_core.package_discovery:discover_packages(ignore) check parameters
[0.228s] Level 1:colcon.colcon_core.package_discovery:discover_packages(path) check parameters
[0.228s] Level 1:colcon.colcon_core.package_discovery:discover_packages(colcon_meta) discover
[0.228s] Level 1:colcon.colcon_core.package_discovery:discover_packages(recursive) discover
[0.228s] INFO:colcon.colcon_core.package_discovery:Crawling recursively for packages in '/home/chotu/ros2_turtlebot3walker'
[0.228s] Level 1:colcon.colcon_core.package_identification:_identify(.) by extensions ['ignore', 'ignore_ament_install']
[0.229s] Level 1:colcon.colcon_core.package_identification:_identify(.) by extension 'ignore'
[0.229s] Level 1:colcon.colcon_core.package_identification:_identify(.) by extension 'ignore_ament_install'
[0.229s] Level 1:colcon.colcon_core.package_identification:_identify(.) by extensions ['colcon_pkg']
[0.229s] Level 1:colcon.colcon_core.package_identification:_identify(.) by extension 'colcon_pkg'
[0.229s] Level 1:colcon.colcon_core.package_identification:_identify(.) by extensions ['colcon_meta']
[0.229s] Level 1:colcon.colcon_core.package_identification:_identify(.) by extension 'colcon_meta'
[0.229s] Level 1:colcon.colcon_core.package_identification:_identify(.) by extensions ['ros']
[0.229s] Level 1:colcon.colcon_core.package_identification:_identify(.) by extension 'ros'
[0.238s] DEBUG:colcon.colcon_core.package_identification:Package '.' with type 'ros.ament_cmake' and name 'turtlebot3_walker'
[0.238s] Level 1:colcon.colcon_core.package_discovery:discover_packages(recursive) using defaults
[0.238s] Level 1:colcon.colcon_core.package_discovery:discover_packages(ignore) discover
[0.238s] Level 1:colcon.colcon_core.package_discovery:discover_packages(ignore) using defaults
[0.238s] Level 1:colcon.colcon_core.package_discovery:discover_packages(path) discover
[0.238s] Level 1:colcon.colcon_core.package_discovery:discover_packages(path) using defaults
[0.253s] Level 1:colcon.colcon_core.package_discovery:discover_packages(prefix_path) check parameters
[0.253s] Level 1:colcon.colcon_core.package_discovery:discover_packages(prefix_path) discover
[0.256s] DEBUG:colcon.colcon_installed_package_information.package_discovery:Found 371 installed packages in /opt/ros/humble
[0.257s] Level 1:colcon.colcon_core.package_discovery:discover_packages(prefix_path) using defaults
[0.303s] Level 5:colcon.colcon_core.verb:set package 'turtlebot3_walker' build argument 'cmake_args' from command line to 'None'
[0.303s] Level 5:colcon.colcon_core.verb:set package 'turtlebot3_walker' build argument 'cmake_target' from command line to 'None'
[0.303s] Level 5:colcon.colcon_core.verb:set package 'turtlebot3_walker' build argument 'cmake_target_skip_unavailable' from command line to 'False'
[0.303s] Level 5:colcon.colcon_core.verb:set package 'turtlebot3_walker' build argument 'cmake_clean_cache' from command line to 'False'
[0.303s] Level 5:colcon.colcon_core.verb:set package 'turtlebot3_walker' build argument 'cmake_clean_first' from command line to 'False'
[0.303s] Level 5:colcon.colcon_core.verb:set package 'turtlebot3_walker' build argument 'cmake_force_configure' from command line to 'False'
[0.303s] Level 5:colcon.colcon_core.verb:set package 'turtlebot3_walker' build argument 'ament_cmake_args' from command line to 'None'
[0.303s] Level 5:colcon.colcon_core.verb:set package 'turtlebot3_walker' build argument 'catkin_cmake_args' from command line to 'None'
[0.303s] Level 5:colcon.colcon_core.verb:set package 'turtlebot3_walker' build argument 'catkin_skip_building_tests' from command line to 'False'
[0.303s] DEBUG:colcon.colcon_core.verb:Building package 'turtlebot3_walker' with the following arguments: {'ament_cmake_args': None, 'build_base': '/home/chotu/ros2_turtlebot3walker/build/turtlebot3_walker', 'catkin_cmake_args': None, 'catkin_skip_building_tests': False, 'cmake_args': None, 'cmake_clean_cache': False, 'cmake_clean_first': False, 'cmake_force_configure': False, 'cmake_target': None, 'cmake_target_skip_unavailable': False, 'install_base': '/home/chotu/ros2_turtlebot3walker/install/turtlebot3_walker', 'merge_install': False, 'path': '/home/chotu/ros2_turtlebot3walker', 'symlink_install': False, 'test_result_base': None}
[0.304s] INFO:colcon.colcon_core.executor:Executing jobs using 'parallel' executor
[0.307s] DEBUG:colcon.colcon_parallel_executor.executor.parallel:run_until_complete
[0.307s] INFO:colcon.colcon_ros.task.ament_cmake.build:Building ROS package in '/home/chotu/ros2_turtlebot3walker' with build type 'ament_cmake'
[0.307s] INFO:colcon.colcon_cmake.task.cmake.build:Building CMake package in '/home/chotu/ros2_turtlebot3walker'
[0.310s] INFO:colcon.colcon_core.plugin_system:Skipping extension 'colcon_core.shell.bat': Not used on non-Windows systems
[0.310s] INFO:colcon.colcon_core.shell:Skip shell extension 'powershell' for command environment: Not usable outside of PowerShell
[0.310s] DEBUG:colcon.colcon_core.shell:Skip shell extension 'dsv' for command environment
[0.317s] DEBUG:colcon.colcon_core.event_handler.log_command:Invoking command in '/home/chotu/ros2_turtlebot3walker/build/turtlebot3_walker': CMAKE_PREFIX_PATH=/opt/ros/humble /usr/bin/cmake /home/chotu/ros2_turtlebot3walker -DCMAKE_INSTALL_PREFIX=/home/chotu/ros2_turtlebot3walker/install/turtlebot3_walker
[1.420s] DEBUG:colcon.colcon_core.event_handler.log_command:Invoked command in '/home/chotu/ros2_turtlebot3walker/build/turtlebot3_walker' returned '0': CMAKE_PREFIX_PATH=/opt/ros/humble /usr/bin/cmake /home/chotu/ros2_turtlebot3walker -DCMAKE_INSTALL_PREFIX=/home/chotu/ros2_turtlebot3walker/install/turtlebot3_walker
[1.422s] DEBUG:colcon.colcon_core.event_handler.log_command:Invoking command in '/home/chotu/ros2_turtlebot3walker/build/turtlebot3_walker': CMAKE_PREFIX_PATH=/opt/ros/humble /usr/bin/cmake --build /home/chotu/ros2_turtlebot3walker/build/turtlebot3_walker -- -j16 -l16
[8.326s] DEBUG:colcon.colcon_core.event_handler.log_command:Invoked command in '/home/chotu/ros2_turtlebot3walker/build/turtlebot3_walker' returned '0': CMAKE_PREFIX_PATH=/opt/ros/humble /usr/bin/cmake --build /home/chotu/ros2_turtlebot3walker/build/turtlebot3_walker -- -j16 -l16
[8.346s] DEBUG:colcon.colcon_core.event_handler.log_command:Invoking command in '/home/chotu/ros2_turtlebot3walker/build/turtlebot3_walker': CMAKE_PREFIX_PATH=/opt/ros/humble /usr/bin/cmake --install /home/chotu/ros2_turtlebot3walker/build/turtlebot3_walker
[8.357s] Level 1:colcon.colcon_core.environment:create_environment_scripts_only(turtlebot3_walker)
[8.357s] DEBUG:colcon.colcon_core.event_handler.log_command:Invoked command in '/home/chotu/ros2_turtlebot3walker/build/turtlebot3_walker' returned '0': CMAKE_PREFIX_PATH=/opt/ros/humble /usr/bin/cmake --install /home/chotu/ros2_turtlebot3walker/build/turtlebot3_walker
[8.360s] Level 1:colcon.colcon_core.environment:checking '/home/chotu/ros2_turtlebot3walker/install/turtlebot3_walker' for CMake module files
[8.360s] Level 1:colcon.colcon_core.environment:checking '/home/chotu/ros2_turtlebot3walker/install/turtlebot3_walker' for CMake config files
[8.360s] Level 1:colcon.colcon_core.shell:create_environment_hook('turtlebot3_walker', 'cmake_prefix_path')
[8.361s] INFO:colcon.colcon_core.shell:Creating environment hook '/home/chotu/ros2_turtlebot3walker/install/turtlebot3_walker/share/turtlebot3_walker/hook/cmake_prefix_path.ps1'
[8.362s] INFO:colcon.colcon_core.shell:Creating environment descriptor '/home/chotu/ros2_turtlebot3walker/install/turtlebot3_walker/share/turtlebot3_walker/hook/cmake_prefix_path.dsv'
[8.362s] INFO:colcon.colcon_core.shell:Creating environment hook '/home/chotu/ros2_turtlebot3walker/install/turtlebot3_walker/share/turtlebot3_walker/hook/cmake_prefix_path.sh'
[8.363s] Level 1:colcon.colcon_core.environment:checking '/home/chotu/ros2_turtlebot3walker/install/turtlebot3_walker/lib'
[8.363s] Level 1:colcon.colcon_core.environment:checking '/home/chotu/ros2_turtlebot3walker/install/turtlebot3_walker/bin'
[8.363s] Level 1:colcon.colcon_core.environment:checking '/home/chotu/ros2_turtlebot3walker/install/turtlebot3_walker/lib/pkgconfig/turtlebot3_walker.pc'
[8.363s] Level 1:colcon.colcon_core.environment:checking '/home/chotu/ros2_turtlebot3walker/install/turtlebot3_walker/lib/python3.10/site-packages'
[8.363s] Level 1:colcon.colcon_core.environment:checking '/home/chotu/ros2_turtlebot3walker/install/turtlebot3_walker/bin'
[8.364s] INFO:colcon.colcon_core.shell:Creating package script '/home/chotu/ros2_turtlebot3walker/install/turtlebot3_walker/share/turtlebot3_walker/package.ps1'
[8.364s] INFO:colcon.colcon_core.shell:Creating package descriptor '/home/chotu/ros2_turtlebot3walker/install/turtlebot3_walker/share/turtlebot3_walker/package.dsv'
[8.365s] INFO:colcon.colcon_core.shell:Creating package script '/home/chotu/ros2_turtlebot3walker/install/turtlebot3_walker/share/turtlebot3_walker/package.sh'
[8.365s] INFO:colcon.colcon_core.shell:Creating package script '/home/chotu/ros2_turtlebot3walker/install/turtlebot3_walker/share/turtlebot3_walker/package.bash'
[8.365s] INFO:colcon.colcon_core.shell:Creating package script '/home/chotu/ros2_turtlebot3walker/install/turtlebot3_walker/share/turtlebot3_walker/package.zsh'
[8.366s] Level 1:colcon.colcon_core.environment:create_file_with_runtime_dependencies(/home/chotu/ros2_turtlebot3walker/install/turtlebot3_walker/share/colcon-core/packages/turtlebot3_walker)
[8.382s] Level 1:colcon.colcon_core.environment:create_environment_scripts_only(turtlebot3_walker)
[8.383s] Level 1:colcon.colcon_core.environment:checking '/home/chotu/ros2_turtlebot3walker/install/turtlebot3_walker' for CMake module files
[8.384s] Level 1:colcon.colcon_core.environment:checking '/home/chotu/ros2_turtlebot3walker/install/turtlebot3_walker' for CMake config files
[8.384s] Level 1:colcon.colcon_core.shell:create_environment_hook('turtlebot3_walker', 'cmake_prefix_path')
[8.385s] INFO:colcon.colcon_core.shell:Creating environment hook '/home/chotu/ros2_turtlebot3walker/install/turtlebot3_walker/share/turtlebot3_walker/hook/cmake_prefix_path.ps1'
[8.385s] INFO:colcon.colcon_core.shell:Creating environment descriptor '/home/chotu/ros2_turtlebot3walker/install/turtlebot3_walker/share/turtlebot3_walker/hook/cmake_prefix_path.dsv'
[8.385s] INFO:colcon.colcon_core.shell:Creating environment hook '/home/chotu/ros2_turtlebot3walker/install/turtlebot3_walker/share/turtlebot3_walker/hook/cmake_prefix_path.sh'
[8.386s] Level 1:colcon.colcon_core.environment:checking '/home/chotu/ros2_turtlebot3walker/install/turtlebot3_walker/lib'
[8.386s] Level 1:colcon.colcon_core.environment:checking '/home/chotu/ros2_turtlebot3walker/install/turtlebot3_walker/bin'
[8.386s] Level 1:colcon.colcon_core.environment:checking '/home/chotu/ros2_turtlebot3walker/install/turtlebot3_walker/lib/pkgconfig/turtlebot3_walker.pc'
[8.386s] Level 1:colcon.colcon_core.environment:checking '/home/chotu/ros2_turtlebot3walker/install/turtlebot3_walker/lib/python3.10/site-packages'
[8.386s] Level 1:colcon.colcon_core.environment:checking '/home/chotu/ros2_turtlebot3walker/install/turtlebot3_walker/bin'
[8.387s] INFO:colcon.colcon_core.shell:Creating package script '/home/chotu/ros2_turtlebot3walker/install/turtlebot3_walker/share/turtlebot3_walker/package.ps1'
[8.388s] INFO:colcon.colcon_core.shell:Creating package descriptor '/home/chotu/ros2_turtlebot3walker/install/turtlebot3_walker/share/turtlebot3_walker/package.dsv'
[8.388s] INFO:colcon.colcon_core.shell:Creating package script '/home/chotu/ros2_turtlebot3walker/install/turtlebot3_walker/share/turtlebot3_walker/package.sh'
[8.388s] INFO:colcon.colcon_core.shell:Creating package script '/home/chotu/ros2_turtlebot3walker/install/turtlebot3_walker/share/turtlebot3_walker/package.bash'
[8.389s] INFO:colcon.colcon_core.shell:Creating package script '/home/chotu/ros2_turtlebot3walker/install/turtlebot3_walker/share/turtlebot3_walker/package.zsh'
[8.389s] Level 1:colcon.colcon_core.environment:create_file_with_runtime_dependencies(/home/chotu/ros2_turtlebot3walker/install/turtlebot3_walker/share/colcon-core/packages/turtlebot3_walker)
[8.389s] DEBUG:colcon.colcon_parallel_executor.executor.parallel:closing loop
[8.389s] DEBUG:colcon.colcon_parallel_executor.executor.parallel:loop closed
[8.389s] DEBUG:colcon.colcon_parallel_executor.executor.parallel:run_until_complete finished with '0'
[8.389s] DEBUG:colcon.colcon_core.event_reactor:joining thread
[8.395s] INFO:colcon.colcon_core.plugin_system:Skipping extension 'colcon_notification.desktop_notification.terminal_notifier': Not used on non-Darwin systems
[8.395s] INFO:colcon.colcon_core.plugin_system:Skipping extension 'colcon_notification.desktop_notification.win32': Not used on non-Windows systems
[8.395s] INFO:colcon.colcon_notification.desktop_notification:Sending desktop notification using 'notify2'
[8.403s] DEBUG:colcon.colcon_core.event_reactor:joined thread
[8.405s] INFO:colcon.colcon_core.shell:Creating prefix script '/home/chotu/ros2_turtlebot3walker/install/local_setup.ps1'
[8.405s] INFO:colcon.colcon_core.shell:Creating prefix util module '/home/chotu/ros2_turtlebot3walker/install/_local_setup_util_ps1.py'
[8.406s] INFO:colcon.colcon_core.shell:Creating prefix chain script '/home/chotu/ros2_turtlebot3walker/install/setup.ps1'
[8.407s] INFO:colcon.colcon_core.shell:Creating prefix script '/home/chotu/ros2_turtlebot3walker/install/local_setup.sh'
[8.408s] INFO:colcon.colcon_core.shell:Creating prefix util module '/home/chotu/ros2_turtlebot3walker/install/_local_setup_util_sh.py'
[8.408s] INFO:colcon.colcon_core.shell:Creating prefix chain script '/home/chotu/ros2_turtlebot3walker/install/setup.sh'
[8.409s] INFO:colcon.colcon_core.shell:Creating prefix script '/home/chotu/ros2_turtlebot3walker/install/local_setup.bash'
[8.409s] INFO:colcon.colcon_core.shell:Creating prefix chain script '/home/chotu/ros2_turtlebot3walker/install/setup.bash'
[8.410s] INFO:colcon.colcon_core.shell:Creating prefix script '/home/chotu/ros2_turtlebot3walker/install/local_setup.zsh'
[8.411s] INFO:colcon.colcon_core.shell:Creating prefix chain script '/home/chotu/ros2_turtlebot3walker/install/setup.zsh'
