[0.009s] Invoking command in '/home/chotu/turtlebot3_walker/build/turtlebot3_walker': CMAKE_PREFIX_PATH=${CMAKE_PREFIX_PATH}:/opt/ros/humble /usr/bin/cmake /home/chotu/turtlebot3_walker -DCMAKE_INSTALL_PREFIX=/home/chotu/turtlebot3_walker/install/turtlebot3_walker
[0.088s] -- The C compiler identification is GNU 11.3.0
[0.143s] -- The CXX compiler identification is GNU 11.3.0
[0.149s] -- Detecting C compiler ABI info
[0.200s] -- Detecting C compiler ABI info - done
[0.205s] -- Check for working C compiler: /usr/bin/cc - skipped
[0.205s] -- Detecting C compile features
[0.205s] -- Detecting C compile features - done
[0.207s] -- Detecting CXX compiler ABI info
[0.254s] -- Detecting CXX compiler ABI info - done
[0.259s] -- Check for working CXX compiler: /usr/bin/c++ - skipped
[0.259s] -- Detecting CXX compile features
[0.259s] -- Detecting CXX compile features - done
[0.263s] -- Found ament_cmake: 1.3.3 (/opt/ros/humble/share/ament_cmake/cmake)
[0.375s] -- Found Python3: /usr/bin/python3.10 (found version "3.10.6") found components: Interpreter 
[0.445s] -- Found rclcpp: 16.0.2 (/opt/ros/humble/share/rclcpp/cmake)
[0.488s] -- Found rosidl_generator_c: 3.1.4 (/opt/ros/humble/share/rosidl_generator_c/cmake)
[0.492s] -- Found rosidl_adapter: 3.1.4 (/opt/ros/humble/share/rosidl_adapter/cmake)
[0.500s] -- Found rosidl_generator_cpp: 3.1.4 (/opt/ros/humble/share/rosidl_generator_cpp/cmake)
[0.511s] -- Using all available rosidl_typesupport_c: rosidl_typesupport_fastrtps_c;rosidl_typesupport_introspection_c
[0.527s] -- Using all available rosidl_typesupport_cpp: rosidl_typesupport_fastrtps_cpp;rosidl_typesupport_introspection_cpp
[0.579s] -- Found rmw_implementation_cmake: 6.1.1 (/opt/ros/humble/share/rmw_implementation_cmake/cmake)
[0.581s] -- Found rmw_fastrtps_cpp: 6.2.2 (/opt/ros/humble/share/rmw_fastrtps_cpp/cmake)
[0.645s] -- Found OpenSSL: /usr/lib/x86_64-linux-gnu/libcrypto.so (found version "3.0.2")  
[0.662s] -- Found FastRTPS: /opt/ros/humble/include  
[0.690s] -- Using RMW implementation 'rmw_fastrtps_cpp' as default
[0.699s] -- Looking for pthread.h
[0.748s] -- Looking for pthread.h - found
[0.748s] -- Performing Test CMAKE_HAVE_LIBC_PTHREAD
[0.795s] -- Performing Test CMAKE_HAVE_LIBC_PTHREAD - Success
[0.796s] -- Found Threads: TRUE  
[0.907s] -- Found sensor_msgs: 4.2.2 (/opt/ros/humble/share/sensor_msgs/cmake)
[0.995s] -- Found ament_lint_auto: 0.12.4 (/opt/ros/humble/share/ament_lint_auto/cmake)
[1.057s] -- Added test 'cppcheck' to perform static code analysis on C / C++ code
[1.058s] -- Configured cppcheck include dirs: 
[1.058s] -- Configured cppcheck exclude dirs and/or files: 
[1.058s] -- Added test 'flake8' to check Python code syntax and style conventions
[1.059s] -- Added test 'lint_cmake' to check CMake code style
[1.060s] -- Added test 'pep257' to check Python code against some of the docstring style conventions in PEP 257
[1.063s] -- Added test 'uncrustify' to check C / C++ code style
[1.063s] -- Configured uncrustify additional arguments: 
[1.063s] -- Added test 'xmllint' to check XML markup files
[1.064s] -- Configuring done
[1.070s] -- Generating done
[1.071s] -- Build files have been written to: /home/chotu/turtlebot3_walker/build/turtlebot3_walker
[1.077s] Invoked command in '/home/chotu/turtlebot3_walker/build/turtlebot3_walker' returned '0': CMAKE_PREFIX_PATH=${CMAKE_PREFIX_PATH}:/opt/ros/humble /usr/bin/cmake /home/chotu/turtlebot3_walker -DCMAKE_INSTALL_PREFIX=/home/chotu/turtlebot3_walker/install/turtlebot3_walker
[1.079s] Invoking command in '/home/chotu/turtlebot3_walker/build/turtlebot3_walker': CMAKE_PREFIX_PATH=${CMAKE_PREFIX_PATH}:/opt/ros/humble /usr/bin/cmake --build /home/chotu/turtlebot3_walker/build/turtlebot3_walker -- -j16 -l16
[1.106s] [ 50%] [32mBuilding CXX object CMakeFiles/walker.dir/src/robot_walker.cpp.o[0m
[6.547s] [100%] [32m[1mLinking CXX executable walker[0m
[6.792s] [100%] Built target walker
[6.801s] Invoked command in '/home/chotu/turtlebot3_walker/build/turtlebot3_walker' returned '0': CMAKE_PREFIX_PATH=${CMAKE_PREFIX_PATH}:/opt/ros/humble /usr/bin/cmake --build /home/chotu/turtlebot3_walker/build/turtlebot3_walker -- -j16 -l16
[6.820s] Invoking command in '/home/chotu/turtlebot3_walker/build/turtlebot3_walker': CMAKE_PREFIX_PATH=${CMAKE_PREFIX_PATH}:/opt/ros/humble /usr/bin/cmake --install /home/chotu/turtlebot3_walker/build/turtlebot3_walker
[6.823s] -- Install configuration: ""
[6.823s] -- Installing: /home/chotu/turtlebot3_walker/install/turtlebot3_walker/lib/turtlebot3_walker/walker
[6.825s] -- Set runtime path of "/home/chotu/turtlebot3_walker/install/turtlebot3_walker/lib/turtlebot3_walker/walker" to ""
[6.826s] -- Installing: /home/chotu/turtlebot3_walker/install/turtlebot3_walker/share/turtlebot3_walker//launch
[6.826s] -- Installing: /home/chotu/turtlebot3_walker/install/turtlebot3_walker/share/turtlebot3_walker//launch/tb3_walker.launch.py
[6.826s] -- Installing: /home/chotu/turtlebot3_walker/install/turtlebot3_walker/share/ament_index/resource_index/package_run_dependencies/turtlebot3_walker
[6.826s] -- Installing: /home/chotu/turtlebot3_walker/install/turtlebot3_walker/share/ament_index/resource_index/parent_prefix_path/turtlebot3_walker
[6.826s] -- Installing: /home/chotu/turtlebot3_walker/install/turtlebot3_walker/share/turtlebot3_walker/environment/ament_prefix_path.sh
[6.826s] -- Installing: /home/chotu/turtlebot3_walker/install/turtlebot3_walker/share/turtlebot3_walker/environment/ament_prefix_path.dsv
[6.826s] -- Installing: /home/chotu/turtlebot3_walker/install/turtlebot3_walker/share/turtlebot3_walker/environment/path.sh
[6.826s] -- Installing: /home/chotu/turtlebot3_walker/install/turtlebot3_walker/share/turtlebot3_walker/environment/path.dsv
[6.826s] -- Installing: /home/chotu/turtlebot3_walker/install/turtlebot3_walker/share/turtlebot3_walker/local_setup.bash
[6.826s] -- Installing: /home/chotu/turtlebot3_walker/install/turtlebot3_walker/share/turtlebot3_walker/local_setup.sh
[6.826s] -- Installing: /home/chotu/turtlebot3_walker/install/turtlebot3_walker/share/turtlebot3_walker/local_setup.zsh
[6.826s] -- Installing: /home/chotu/turtlebot3_walker/install/turtlebot3_walker/share/turtlebot3_walker/local_setup.dsv
[6.826s] -- Installing: /home/chotu/turtlebot3_walker/install/turtlebot3_walker/share/turtlebot3_walker/package.dsv
[6.826s] -- Installing: /home/chotu/turtlebot3_walker/install/turtlebot3_walker/share/ament_index/resource_index/packages/turtlebot3_walker
[6.827s] -- Installing: /home/chotu/turtlebot3_walker/install/turtlebot3_walker/share/turtlebot3_walker/cmake/turtlebot3_walkerConfig.cmake
[6.827s] -- Installing: /home/chotu/turtlebot3_walker/install/turtlebot3_walker/share/turtlebot3_walker/cmake/turtlebot3_walkerConfig-version.cmake
[6.827s] -- Installing: /home/chotu/turtlebot3_walker/install/turtlebot3_walker/share/turtlebot3_walker/package.xml
[6.828s] Invoked command in '/home/chotu/turtlebot3_walker/build/turtlebot3_walker' returned '0': CMAKE_PREFIX_PATH=${CMAKE_PREFIX_PATH}:/opt/ros/humble /usr/bin/cmake --install /home/chotu/turtlebot3_walker/build/turtlebot3_walker
